<?xml version="1.0" encoding="UTF-8"?>
<testng-results skipped="0" failed="0" ignored="0" total="2" passed="2">
  <reporter-output>
  </reporter-output>
  <suite name="sanity Suite" duration-ms="58365" started-at="2023-05-16T11:02:27 IST" finished-at="2023-05-16T11:03:26 IST">
    <groups>
    </groups>
    <test name="Google Test" duration-ms="37816" started-at="2023-05-16T11:02:27 IST" finished-at="2023-05-16T11:03:05 IST">
      <class name="a1_googleTest.A1_GoogleTest">
        <test-method status="PASS" signature="validateGoogle()[pri:0, instance:a1_googleTest.A1_GoogleTest@491cc5c9]" name="validateGoogle" duration-ms="37501" started-at="2023-05-16T11:02:27 IST" finished-at="2023-05-16T11:03:05 IST">
          <reporter-output>
          </reporter-output>
        </test-method> <!-- validateGoogle -->
      </class> <!-- a1_googleTest.A1_GoogleTest -->
    </test> <!-- Google Test -->
    <test name="Bing Test" duration-ms="19907" started-at="2023-05-16T11:03:06 IST" finished-at="2023-05-16T11:03:26 IST">
      <class name="a2_bingTest.A1_BingTest">
        <test-method status="PASS" signature="validateBing()[pri:0, instance:a2_bingTest.A1_BingTest@78186a70]" name="validateBing" duration-ms="19895" started-at="2023-05-16T11:03:06 IST" finished-at="2023-05-16T11:03:26 IST">
          <reporter-output>
          </reporter-output>
        </test-method> <!-- validateBing -->
      </class> <!-- a2_bingTest.A1_BingTest -->
    </test> <!-- Bing Test -->
  </suite> <!-- sanity Suite -->
</testng-results>
